[debug] [2024-02-09T15:02:27.364Z] ----------------------------------------------------------------------
[debug] [2024-02-09T15:02:27.369Z] Command:       C:\Program Files\nodejs\node.exe C:\Users\Tanuj Dangre\AppData\Roaming\npm\node_modules\firebase-tools\lib\bin\firebase.js init
[debug] [2024-02-09T15:02:27.370Z] CLI Version:   13.2.1
[debug] [2024-02-09T15:02:27.371Z] Platform:      win32
[debug] [2024-02-09T15:02:27.371Z] Node Version:  v18.17.1
[debug] [2024-02-09T15:02:27.373Z] Time:          Fri Feb 09 2024 20:32:27 GMT+0530 (India Standard Time)
[debug] [2024-02-09T15:02:27.373Z] ----------------------------------------------------------------------
[debug] 
[debug] [2024-02-09T15:02:27.392Z] > command requires scopes: ["email","openid","https://www.googleapis.com/auth/cloudplatformprojects.readonly","https://www.googleapis.com/auth/firebase","https://www.googleapis.com/auth/cloud-platform"]
[debug] [2024-02-09T15:02:27.394Z] > authorizing via signed-in user (tanujdangre1505@gmail.com)
[info] 
     ######## #### ########  ######## ########     ###     ######  ########
     ##        ##  ##     ## ##       ##     ##  ##   ##  ##       ##
     ######    ##  ########  ######   ########  #########  ######  ######
     ##        ##  ##    ##  ##       ##     ## ##     ##       ## ##
     ##       #### ##     ## ######## ########  ##     ##  ######  ########

You're about to initialize a Firebase project in this directory:

  C:\Users\Tanuj Dangre\Desktop\Firebase projects\firebase

[info] 
=== Project Setup
[info] 
[info] First, let's associate this project directory with a Firebase project.
[info] You can create multiple project aliases by running firebase use --add, 
[info] but for now we'll just set up a default project.
[info] 
[debug] [2024-02-09T15:03:26.611Z] >>> [apiv2][query] GET https://firebase.googleapis.com/v1beta1/projects pageSize=100
[debug] [2024-02-09T15:03:27.611Z] <<< [apiv2][status] GET https://firebase.googleapis.com/v1beta1/projects 200
[debug] [2024-02-09T15:03:27.618Z] <<< [apiv2][body] GET https://firebase.googleapis.com/v1beta1/projects [omitted]
[info] i  Using project fir-project-19f51 (Firebase Project) 
[info] 
=== Hosting Setup
[debug] [2024-02-09T15:04:03.030Z] >>> [apiv2][query] GET https://firebase.googleapis.com/v1beta1/projects/fir-project-19f51 [none]
[debug] [2024-02-09T15:04:03.559Z] <<< [apiv2][status] GET https://firebase.googleapis.com/v1beta1/projects/fir-project-19f51 200
[debug] [2024-02-09T15:04:03.561Z] <<< [apiv2][body] GET https://firebase.googleapis.com/v1beta1/projects/fir-project-19f51 {"projectId":"fir-project-19f51","projectNumber":"1023202737149","displayName":"Firebase Project","name":"projects/fir-project-19f51","resources":{"hostingSite":"fir-project-19f51","storageBucket":"fir-project-19f51.appspot.com","locationId":"us-central"},"state":"ACTIVE","etag":"1_16306905-04bb-4139-80d1-f64bc81a3205"}
[info] 
[info] Your public directory is the folder (relative to your project directory) that
[info] will contain Hosting assets to be uploaded with firebase deploy. If you
[info] have a build process for your assets, use your build's output directory.
[info] 
[info] +  Wrote public/404.html 
[debug] [2024-02-09T15:04:49.077Z] >>> [apiv2][query] GET https://www.gstatic.com/firebasejs/releases.json [none]
[debug] [2024-02-09T15:04:49.305Z] <<< [apiv2][status] GET https://www.gstatic.com/firebasejs/releases.json 200
[debug] [2024-02-09T15:04:49.306Z] <<< [apiv2][body] GET https://www.gstatic.com/firebasejs/releases.json {"current":{"version":"10.8.0","browserURL":"https://www.gstatic.com/firebasejs/10.8.0/firebase.js","packageURL":"https://www.gstatic.com/firebasejs/10.8.0/firebase.tgz"},"live":{"version":"10.8","browserURL":"https://www.gstatic.com/firebasejs/live/10.8/firebase.js","packageURL":"https://www.gstatic.com/firebasejs/live/10.8/firebase.tgz"},"components":{"analytics":"https://www.gstatic.com/firebasejs/10.8.0/firebase-analytics.js","app":"https://www.gstatic.com/firebasejs/10.8.0/firebase-app.js","app-check":"https://www.gstatic.com/firebasejs/10.8.0/firebase-app-check.js","auth":"https://www.gstatic.com/firebasejs/10.8.0/firebase-auth.js","auth/cordova":"https://www.gstatic.com/firebasejs/10.8.0/firebase-auth/cordova.js","auth/web-extension":"https://www.gstatic.com/firebasejs/10.8.0/firebase-auth/web-extension.js","functions":"https://www.gstatic.com/firebasejs/10.8.0/firebase-functions.js","firestore":"https://www.gstatic.com/firebasejs/10.8.0/firebase-firestore.js","firestore/lite":"https://www.gstatic.com/firebasejs/10.8.0/firebase-firestore/lite.js","installations":"https://www.gstatic.com/firebasejs/10.8.0/firebase-installations.js","storage":"https://www.gstatic.com/firebasejs/10.8.0/firebase-storage.js","performance":"https://www.gstatic.com/firebasejs/10.8.0/firebase-performance.js","remote-config":"https://www.gstatic.com/firebasejs/10.8.0/firebase-remote-config.js","messaging":"https://www.gstatic.com/firebasejs/10.8.0/firebase-messaging.js","messaging/sw":"https://www.gstatic.com/firebasejs/10.8.0/firebase-messaging/sw.js","database":"https://www.gstatic.com/firebasejs/10.8.0/firebase-database.js","firestore.memory":"https://www.gstatic.com/firebasejs/10.8.0/firebase-firestore.memory.js"}}
[info] i  Skipping write of public/index.html 
[info] 
[info] i  Detected a .git folder at C:\Users\Tanuj Dangre\Desktop\Firebase projects\firebase 
[info] i  Authorizing with GitHub to upload your service account to a GitHub repository's secrets store. 
[info] 
[info] Visit this URL on this device to log in:
[info] https://github.com/login/oauth/authorize?client_id=89cf50f02ac6aaed3484&state=414835059&redirect_uri=http%3A%2F%2Flocalhost%3A9005&scope=read%3Auser%20repo%20public_repo
[info] 
[info] Waiting for authentication...
[debug] [2024-02-09T15:10:57.133Z] >>> [apiv2][query] POST https://github.com/login/oauth/access_token [none]
[debug] [2024-02-09T15:10:57.134Z] >>> [apiv2][body] POST https://github.com/login/oauth/access_token [stream]
[debug] [2024-02-09T15:10:57.514Z] <<< [apiv2][status] POST https://github.com/login/oauth/access_token 200
[debug] [2024-02-09T15:10:57.516Z] <<< [apiv2][body] POST https://github.com/login/oauth/access_token {"access_token":"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","token_type":"bearer","scope":"read:user,repo"}
[debug] [2024-02-09T15:10:57.580Z] >>> [apiv2][query] GET https://api.github.com/user [none]
[debug] [2024-02-09T15:10:58.011Z] <<< [apiv2][status] GET https://api.github.com/user 200
[debug] [2024-02-09T15:10:58.012Z] <<< [apiv2][body] GET https://api.github.com/user {"login":"Tanuj0512","id":94463415,"node_id":"U_kgDOBaFltw","avatar_url":"https://avatars.githubusercontent.com/u/94463415?v=4","gravatar_id":"","url":"https://api.github.com/users/Tanuj0512","html_url":"https://github.com/Tanuj0512","followers_url":"https://api.github.com/users/Tanuj0512/followers","following_url":"https://api.github.com/users/Tanuj0512/following{/other_user}","gists_url":"https://api.github.com/users/Tanuj0512/gists{/gist_id}","starred_url":"https://api.github.com/users/Tanuj0512/starred{/owner}{/repo}","subscriptions_url":"https://api.github.com/users/Tanuj0512/subscriptions","organizations_url":"https://api.github.com/users/Tanuj0512/orgs","repos_url":"https://api.github.com/users/Tanuj0512/repos","events_url":"https://api.github.com/users/Tanuj0512/events{/privacy}","received_events_url":"https://api.github.com/users/Tanuj0512/received_events","type":"User","site_admin":false,"name":null,"company":null,"blog":"","location":null,"email":null,"hireable":null,"bio":null,"twitter_username":null,"public_repos":5,"public_gists":0,"followers":0,"following":1,"created_at":"2021-11-16T14:14:57Z","updated_at":"2024-02-09T15:10:52Z","private_gists":0,"total_private_repos":1,"owned_private_repos":1,"disk_usage":27683,"collaborators":3,"two_factor_authentication":false,"plan":{"name":"free","space":976562499,"collaborators":0,"private_repos":10000}}
[info] 
[info] +  Success! Logged into GitHub as Tanuj0512 
[info] 
